#
# There is insufficient memory for the Java Runtime Environment to continue.
# Native memory allocation (malloc) failed to allocate 1526800 bytes for Chunk::new
# Possible reasons:
#   The system is out of physical RAM or swap space
#   In 32 bit mode, the process size limit was hit
# Possible solutions:
#   Reduce memory load on the system
#   Increase physical memory or swap space
#   Check if swap backing store is full
#   Use 64 bit Java on a 64 bit OS
#   Decrease Java heap size (-Xmx/-Xms)
#   Decrease number of Java threads
#   Decrease Java thread stack sizes (-Xss)
#   Set larger code cache with -XX:ReservedCodeCacheSize=
# This output file may be truncated or incomplete.
#
#  Out of Memory Error (allocation.cpp:390), pid=3360, tid=0x0000000000000758
#
# JRE version: OpenJDK Runtime Environment (8.0_112-b06) (build 1.8.0_112-release-b06)
# Java VM: OpenJDK 64-Bit Server VM (25.112-b06 mixed mode windows-amd64 compressed oops)
# Failed to write core dump. Minidumps are not enabled by default on client versions of Windows
#

---------------  T H R E A D  ---------------

Current thread (0x000000001884a000):  JavaThread "C2 CompilerThread2" daemon [_thread_in_native, id=1880, stack(0x0000000019120000,0x0000000019220000)]

Stack: [0x0000000019120000,0x0000000019220000]
[error occurred during error reporting (printing stack bounds), id 0xc0000005]

Native frames: (J=compiled Java code, j=interpreted, Vv=VM code, C=native code)


Current CompileTask:
C2:  10041 5453       4       sun.reflect.generics.parser.SignatureParser::parseFieldTypeSignature (73 bytes)


---------------  P R O C E S S  ---------------

Java Threads: ( => current thread )
  0x000000001a6df000 JavaThread "pool-2-thread-1" [_thread_blocked, id=15576, stack(0x00000000207e0000,0x00000000208e0000)]
  0x000000001a6e0800 JavaThread "File lock request listener" [_thread_in_native, id=612, stack(0x00000000204e0000,0x00000000205e0000)]
  0x0000000019eed800 JavaThread "Stdin handler" [_thread_blocked, id=17612, stack(0x000000001c9d0000,0x000000001cad0000)]
  0x0000000019ee0800 JavaThread "Asynchronous log dispatcher for DefaultDaemonConnection: socket connection from /127.0.0.1:60473 to /127.0.0.1:60474" [_thread_blocked, id=3344, stack(0x000000001c7d0000,0x000000001c8d0000)]
  0x0000000019dfa800 JavaThread "Daemon worker" [_thread_in_Java, id=19616, stack(0x000000001c6d0000,0x000000001c7d0000)]
  0x0000000019dfa000 JavaThread "Cancel handler" [_thread_blocked, id=10988, stack(0x000000001c5d0000,0x000000001c6d0000)]
  0x000000001a8b7000 JavaThread "pool-1-thread-1" [_thread_blocked, id=9384, stack(0x000000001c4d0000,0x000000001c5d0000)]
  0x000000001a6a5800 JavaThread "Handler for socket connection from /127.0.0.1:60473 to /127.0.0.1:60474" [_thread_in_native, id=11032, stack(0x000000001c3d0000,0x000000001c4d0000)]
  0x000000001a6a1800 JavaThread "Daemon" [_thread_blocked, id=15436, stack(0x000000001c2d0000,0x000000001c3d0000)]
  0x000000001a36a000 JavaThread "Incoming local TCP Connector on port 60473" [_thread_in_native, id=11636, stack(0x000000001bce0000,0x000000001bde0000)]
  0x00000000188c6000 JavaThread "Service Thread" daemon [_thread_blocked, id=15124, stack(0x0000000019320000,0x0000000019420000)]
  0x000000001884e000 JavaThread "C1 CompilerThread3" daemon [_thread_in_native, id=21484, stack(0x0000000019220000,0x0000000019320000)]
=>0x000000001884a000 JavaThread "C2 CompilerThread2" daemon [_thread_in_native, id=1880, stack(0x0000000019120000,0x0000000019220000)]
  0x0000000018841000 JavaThread "C2 CompilerThread1" daemon [_thread_in_native, id=12480, stack(0x0000000019020000,0x0000000019120000)]
  0x00000000187f2000 JavaThread "C2 CompilerThread0" daemon [_thread_in_native, id=18384, stack(0x0000000018f20000,0x0000000019020000)]
  0x00000000187f0800 JavaThread "Attach Listener" daemon [_thread_blocked, id=6072, stack(0x0000000018e20000,0x0000000018f20000)]
  0x0000000018840800 JavaThread "Signal Dispatcher" daemon [_thread_blocked, id=4740, stack(0x0000000018d20000,0x0000000018e20000)]
  0x00000000187d1800 JavaThread "Finalizer" daemon [_thread_blocked, id=20228, stack(0x0000000018bb0000,0x0000000018cb0000)]
  0x0000000002ae8000 JavaThread "Reference Handler" daemon [_thread_blocked, id=17048, stack(0x00000000186b0000,0x00000000187b0000)]
  0x00000000029f3000 JavaThread "main" [_thread_blocked, id=20960, stack(0x00000000028f0000,0x00000000029f0000)]

Other Threads:
  0x00000000168d5000 VMThread [stack: 0x00000000185b0000,0x00000000186b0000] [id=19624]
  0x00000000188c6800 WatcherThread [stack: 0x0000000019420000,0x0000000019520000] [id=9364]

VM state:not at safepoint (normal execution)

VM Mutex/Monitor currently owned by a thread: None

Heap:
 PSYoungGen      total 139776K, used 124169K [0x00000000e0000000, 0x00000000e9f80000, 0x0000000100000000)
  eden space 129536K, 88% used [0x00000000e0000000,0x00000000e6fae980,0x00000000e7e80000)
  from space 10240K, 95% used [0x00000000e9580000,0x00000000e9f13c20,0x00000000e9f80000)
  to   space 12800K, 0% used [0x00000000e8680000,0x00000000e8680000,0x00000000e9300000)
 ParOldGen       total 104448K, used 18004K [0x00000000a0000000, 0x00000000a6600000, 0x00000000e0000000)
  object space 104448K, 17% used [0x00000000a0000000,0x00000000a1195148,0x00000000a6600000)
 Metaspace       used 47697K, capacity 49226K, committed 49408K, reserved 1091584K
  class space    used 6438K, capacity 6788K, committed 6912K, reserved 1048576K

Card table byte_map: [0x0000000011ec0000,0x00000000121d0000] byte_map_base: 0x00000000119c0000

Marking Bits: (ParMarkBitMap*) 0x000000005a5618f0
 Begin Bits: [0x0000000012bd0000, 0x00000000143d0000)
 End Bits:   [0x00000000143d0000, 0x0000000015bd0000)

Polling page: 0x0000000000850000

CodeCache: size=245760Kb used=18840Kb max_used=18840Kb free=226919Kb
 bounds [0x0000000002b00000, 0x0000000003d80000, 0x0000000011b00000]
 total_blobs=5972 nmethods=5230 adapters=654
 compilation: enabled

Compilation events (10 events):
Event: 9.996 Thread 0x000000001884e000 nmethod 5785 0x0000000003d70590 code [0x0000000003d706e0, 0x0000000003d707f0]
Event: 10.003 Thread 0x00000000187f2000 5786   !   4       java.net.URLClassLoader$1::run (63 bytes)
Event: 10.010 Thread 0x000000001884e000 5787       1       org.gradle.model.internal.registry.DefaultModelRegistry::access$300 (5 bytes)
Event: 10.010 Thread 0x000000001884e000 nmethod 5787 0x0000000003d70850 code [0x0000000003d709a0, 0x0000000003d70a90]
Event: 10.017 Thread 0x000000001884e000 5788       3       org.gradle.model.internal.type.ModelType::getConcreteClass (16 bytes)
Event: 10.018 Thread 0x000000001884e000 nmethod 5788 0x0000000003d70b10 code [0x0000000003d70c80, 0x0000000003d70ee8]
Event: 10.021 Thread 0x000000001884e000 5789       3       org.gradle.model.internal.registry.RuleBindings$NodeAtStateIndex::get (20 bytes)
Event: 10.022 Thread 0x000000001884e000 nmethod 5789 0x0000000003d70fd0 code [0x0000000003d711a0, 0x0000000003d71998]
Event: 10.028 Thread 0x000000001884e000 5793       3       java.util.ComparableTimSort::sort (219 bytes)
Event: 10.029 Thread 0x000000001884e000 nmethod 5793 0x0000000003d71d90 code [0x0000000003d71f80, 0x0000000003d72618]

GC Heap History (10 events):
Event: 4.669 GC heap before
{Heap before GC invocations=6 (full 1):
 PSYoungGen      total 70656K, used 65536K [0x00000000e0000000, 0x00000000e4a00000, 0x0000000100000000)
  eden space 65536K, 100% used [0x00000000e0000000,0x00000000e4000000,0x00000000e4000000)
  from space 5120K, 0% used [0x00000000e4500000,0x00000000e4500000,0x00000000e4a00000)
  to   space 5120K, 0% used [0x00000000e4000000,0x00000000e4000000,0x00000000e4500000)
 ParOldGen       total 65024K, used 9438K [0x00000000a0000000, 0x00000000a3f80000, 0x00000000e0000000)
  object space 65024K, 14% used [0x00000000a0000000,0x00000000a0937ba0,0x00000000a3f80000)
 Metaspace       used 26023K, capacity 26440K, committed 26752K, reserved 1073152K
  class space    used 3577K, capacity 3697K, committed 3712K, reserved 1048576K
Event: 4.677 GC heap after
Heap after GC invocations=6 (full 1):
 PSYoungGen      total 70656K, used 5099K [0x00000000e0000000, 0x00000000e7300000, 0x0000000100000000)
  eden space 65536K, 0% used [0x00000000e0000000,0x00000000e0000000,0x00000000e4000000)
  from space 5120K, 99% used [0x00000000e4000000,0x00000000e44faca0,0x00000000e4500000)
  to   space 10752K, 0% used [0x00000000e6880000,0x00000000e6880000,0x00000000e7300000)
 ParOldGen       total 65024K, used 12236K [0x00000000a0000000, 0x00000000a3f80000, 0x00000000e0000000)
  object space 65024K, 18% used [0x00000000a0000000,0x00000000a0bf3080,0x00000000a3f80000)
 Metaspace       used 26023K, capacity 26440K, committed 26752K, reserved 1073152K
  class space    used 3577K, capacity 3697K, committed 3712K, reserved 1048576K
}
Event: 5.931 GC heap before
{Heap before GC invocations=7 (full 1):
 PSYoungGen      total 70656K, used 70635K [0x00000000e0000000, 0x00000000e7300000, 0x0000000100000000)
  eden space 65536K, 100% used [0x00000000e0000000,0x00000000e4000000,0x00000000e4000000)
  from space 5120K, 99% used [0x00000000e4000000,0x00000000e44faca0,0x00000000e4500000)
  to   space 10752K, 0% used [0x00000000e6880000,0x00000000e6880000,0x00000000e7300000)
 ParOldGen       total 65024K, used 12236K [0x00000000a0000000, 0x00000000a3f80000, 0x00000000e0000000)
  object space 65024K, 18% used [0x00000000a0000000,0x00000000a0bf3080,0x00000000a3f80000)
 Metaspace       used 29300K, capacity 29726K, committed 29952K, reserved 1075200K
  class space    used 3959K, capacity 4087K, committed 4096K, reserved 1048576K
Event: 5.940 GC heap after
Heap after GC invocations=7 (full 1):
 PSYoungGen      total 103936K, used 6370K [0x00000000e0000000, 0x00000000e7180000, 0x0000000100000000)
  eden space 94720K, 0% used [0x00000000e0000000,0x00000000e0000000,0x00000000e5c80000)
  from space 9216K, 69% used [0x00000000e6880000,0x00000000e6eb89e0,0x00000000e7180000)
  to   space 10752K, 0% used [0x00000000e5c80000,0x00000000e5c80000,0x00000000e6700000)
 ParOldGen       total 65024K, used 12316K [0x00000000a0000000, 0x00000000a3f80000, 0x00000000e0000000)
  object space 65024K, 18% used [0x00000000a0000000,0x00000000a0c07090,0x00000000a3f80000)
 Metaspace       used 29300K, capacity 29726K, committed 29952K, reserved 1075200K
  class space    used 3959K, capacity 4087K, committed 4096K, reserved 1048576K
}
Event: 6.773 GC heap before
{Heap before GC invocations=8 (full 1):
 PSYoungGen      total 103936K, used 78920K [0x00000000e0000000, 0x00000000e7180000, 0x0000000100000000)
  eden space 94720K, 76% used [0x00000000e0000000,0x00000000e46d96f8,0x00000000e5c80000)
  from space 9216K, 69% used [0x00000000e6880000,0x00000000e6eb89e0,0x00000000e7180000)
  to   space 10752K, 0% used [0x00000000e5c80000,0x00000000e5c80000,0x00000000e6700000)
 ParOldGen       total 65024K, used 12316K [0x00000000a0000000, 0x00000000a3f80000, 0x00000000e0000000)
  object space 65024K, 18% used [0x00000000a0000000,0x00000000a0c07090,0x00000000a3f80000)
 Metaspace       used 34780K, capacity 35326K, committed 35496K, reserved 1079296K
  class space    used 4637K, capacity 4787K, committed 4864K, reserved 1048576K
Event: 6.788 GC heap after
Heap after GC invocations=8 (full 1):
 PSYoungGen      total 105472K, used 10736K [0x00000000e0000000, 0x00000000ea180000, 0x0000000100000000)
  eden space 94720K, 0% used [0x00000000e0000000,0x00000000e0000000,0x00000000e5c80000)
  from space 10752K, 99% used [0x00000000e5c80000,0x00000000e66fc098,0x00000000e6700000)
  to   space 12288K, 0% used [0x00000000e9580000,0x00000000e9580000,0x00000000ea180000)
 ParOldGen       total 65024K, used 13125K [0x00000000a0000000, 0x00000000a3f80000, 0x00000000e0000000)
  object space 65024K, 20% used [0x00000000a0000000,0x00000000a0cd16e0,0x00000000a3f80000)
 Metaspace       used 34780K, capacity 35326K, committed 35496K, reserved 1079296K
  class space    used 4637K, capacity 4787K, committed 4864K, reserved 1048576K
}
Event: 6.788 GC heap before
{Heap before GC invocations=9 (full 2):
 PSYoungGen      total 105472K, used 10736K [0x00000000e0000000, 0x00000000ea180000, 0x0000000100000000)
  eden space 94720K, 0% used [0x00000000e0000000,0x00000000e0000000,0x00000000e5c80000)
  from space 10752K, 99% used [0x00000000e5c80000,0x00000000e66fc098,0x00000000e6700000)
  to   space 12288K, 0% used [0x00000000e9580000,0x00000000e9580000,0x00000000ea180000)
 ParOldGen       total 65024K, used 13125K [0x00000000a0000000, 0x00000000a3f80000, 0x00000000e0000000)
  object space 65024K, 20% used [0x00000000a0000000,0x00000000a0cd16e0,0x00000000a3f80000)
 Metaspace       used 34780K, capacity 35326K, committed 35496K, reserved 1079296K
  class space    used 4637K, capacity 4787K, committed 4864K, reserved 1048576K
Event: 6.872 GC heap after
Heap after GC invocations=9 (full 2):
 PSYoungGen      total 105472K, used 0K [0x00000000e0000000, 0x00000000ea180000, 0x0000000100000000)
  eden space 94720K, 0% used [0x00000000e0000000,0x00000000e0000000,0x00000000e5c80000)
  from space 10752K, 0% used [0x00000000e5c80000,0x00000000e5c80000,0x00000000e6700000)
  to   space 12288K, 0% used [0x00000000e9580000,0x00000000e9580000,0x00000000ea180000)
 ParOldGen       total 104448K, used 17996K [0x00000000a0000000, 0x00000000a6600000, 0x00000000e0000000)
  object space 104448K, 17% used [0x00000000a0000000,0x00000000a1193148,0x00000000a6600000)
 Metaspace       used 34780K, capacity 35326K, committed 35496K, reserved 1079296K
  class space    used 4637K, capacity 4787K, committed 4864K, reserved 1048576K
}
Event: 7.894 GC heap before
{Heap before GC invocations=10 (full 2):
 PSYoungGen      total 105472K, used 94720K [0x00000000e0000000, 0x00000000ea180000, 0x0000000100000000)
  eden space 94720K, 100% used [0x00000000e0000000,0x00000000e5c80000,0x00000000e5c80000)
  from space 10752K, 0% used [0x00000000e5c80000,0x00000000e5c80000,0x00000000e6700000)
  to   space 12288K, 0% used [0x00000000e9580000,0x00000000e9580000,0x00000000ea180000)
 ParOldGen       total 104448K, used 17996K [0x00000000a0000000, 0x00000000a6600000, 0x00000000e0000000)
  object space 104448K, 17% used [0x00000000a0000000,0x00000000a1193148,0x00000000a6600000)
 Metaspace       used 42153K, capacity 42942K, committed 43264K, reserved 1087488K
  class space    used 5631K, capacity 5852K, committed 5888K, reserved 1048576K
Event: 7.904 GC heap after
Heap after GC invocations=10 (full 2):
 PSYoungGen      total 139776K, used 9807K [0x00000000e0000000, 0x00000000e9f80000, 0x0000000100000000)
  eden space 129536K, 0% used [0x00000000e0000000,0x00000000e0000000,0x00000000e7e80000)
  from space 10240K, 95% used [0x00000000e9580000,0x00000000e9f13c20,0x00000000e9f80000)
  to   space 12800K, 0% used [0x00000000e8680000,0x00000000e8680000,0x00000000e9300000)
 ParOldGen       total 104448K, used 18004K [0x00000000a0000000, 0x00000000a6600000, 0x00000000e0000000)
  object space 104448K, 17% used [0x00000000a0000000,0x00000000a1195148,0x00000000a6600000)
 Metaspace       used 42153K, capacity 42942K, committed 43264K, reserved 1087488K
  class space    used 5631K, capacity 5852K, committed 5888K, reserved 1048576K
}

Deoptimization events (10 events):
Event: 9.872 Thread 0x0000000019dfa800 Uncommon trap: reason=unstable_if action=reinterpret pc=0x0000000002cbfde8 method=java.lang.String.replace(CC)Ljava/lang/String; @ 2
Event: 9.879 Thread 0x0000000019dfa800 Uncommon trap: reason=unstable_if action=reinterpret pc=0x0000000003aa8088 method=groovy.lang.MetaClassImpl.checkIfStdMethod(Lgroovy/lang/MetaMethod;)V @ 78
Event: 9.879 Thread 0x0000000019dfa800 Uncommon trap: reason=unstable_if action=reinterpret pc=0x0000000003a89914 method=groovy.lang.MetaClassImpl.checkIfStdMethod(Lgroovy/lang/MetaMethod;)V @ 78
Event: 9.879 Thread 0x0000000019dfa800 Uncommon trap: reason=bimorphic action=maybe_recompile pc=0x000000000334bc10 method=org.codehaus.groovy.runtime.metaclass.MetaMethodIndex.addMethodToList(Ljava/lang/Object;Lgroovy/lang/MetaMethod;)Ljava/lang/Object; @ 89
Event: 9.879 Thread 0x0000000019dfa800 Uncommon trap: reason=unstable_if action=reinterpret pc=0x0000000003b36160 method=org.codehaus.groovy.runtime.metaclass.MetaMethodIndex.copyNonPrivateNonNewMetaMethods(Lorg/codehaus/groovy/runtime/metaclass/MetaMethodIndex$Entry;Lorg/codehaus/groovy/runtimÁÅþgÂ#@
Event: 9.880 Thread 0x0000000019dfa800 Uncommon trap: reason=unstable_if action=reinterpret pc=0x000000000381e4ec method=groovy.lang.MetaClassImpl$1MOPIter.methodNameAction(Ljava/lang/Class;Lorg/codehaus/groovy/runtime/metaclass/MetaMethodIndex$Entry;)V @ 259
Event: 9.993 Thread 0x0000000019dfa800 Uncommon trap: reason=class_check action=maybe_recompile pc=0x000000000396f5bc method=org.gradle.model.internal.type.ModelType.wrap(Ljava/lang/reflect/Type;)Lorg/gradle/model/internal/type/TypeWrapper; @ 33
Event: 9.993 Thread 0x0000000019dfa800 Uncommon trap: reason=class_check action=maybe_recompile pc=0x000000000396f6f4 method=org.gradle.model.internal.type.ModelType.wrap(Ljava/lang/reflect/Type;)Lorg/gradle/model/internal/type/TypeWrapper; @ 83
Event: 9.994 Thread 0x0000000019dfa800 Uncommon trap: reason=class_check action=maybe_recompile pc=0x000000000396f5bc method=org.gradle.model.internal.type.ModelType.wrap(Ljava/lang/reflect/Type;)Lorg/gradle/model/internal/type/TypeWrapper; @ 33
Event: 9.994 Thread 0x0000000019dfa800 Uncommon trap: reason=class_check action=maybe_recompile pc=0x000000000396f6f4 method=org.gradle.model.internal.type.ModelType.wrap(Ljava/lang/reflect/Type;)Lorg/gradle/model/internal/type/TypeWrapper; @ 83

Internal exceptions (10 events):
Event: 9.885 Thread 0x0000000019dfa800 Exception <a 'java/lang/ClassNotFoundException': org/gradle/api/AntBuilderCustomizer> (0x00000000e668f7b0) thrown at [C:\src\android\AOSP-openjdk\external\jetbrains\jdk\hotspot\src\share\vm\classfile\systemDictionary.cpp, line 210]
Event: 9.888 Thread 0x0000000019dfa800 Exception <a 'java/lang/ClassNotFoundException': org/gradle/api/internal/project/ant/BasicAntBuilderCustomizer> (0x00000000e66b0230) thrown at [C:\src\android\AOSP-openjdk\external\jetbrains\jdk\hotspot\src\share\vm\classfile\systemDictionary.cpp, line 210:5”Ú]Ç#@
Event: 9.889 Thread 0x0000000019dfa800 Exception <a 'java/lang/ClassNotFoundException': org/gradle/api/internal/project/DefaultAntBuilderCustomizer> (0x00000000e66d8a88) thrown at [C:\src\android\AOSP-openjdk\external\jetbrains\jdk\hotspot\src\share\vm\classfile\systemDictionary.cpp, line 210]
Event: 9.921 Thread 0x0000000019dfa800 Exception <a 'java/lang/ClassNotFoundException': com/android/build/gradle/internal/tasks/DeviceProviderInstrumentTestTask_DecoratedBeanInfo> (0x00000000e685f778) thrown at [C:\src\android\AOSP-openjdk\external\jetbrains\jdk\hotspot\src\share\vm\classfile\sàÌ¡£´×#@
Event: 9.921 Thread 0x0000000019dfa800 Exception <a 'java/lang/ClassNotFoundException': com/android/build/gradle/internal/tasks/DeviceProviderInstrumentTestTaskBeanInfo> (0x00000000e6876f80) thrown at [C:\src\android\AOSP-openjdk\external\jetbrains\jdk\hotspot\src\share\vm\classfile\systemDictiÉû+Ýã×#@
Event: 9.922 Thread 0x0000000019dfa800 Exception <a 'java/lang/ClassNotFoundException': com/android/build/gradle/internal/tasks/DeviceProviderInstrumentTestTaskCustomizer> (0x00000000e688e7e0) thrown at [C:\src\android\AOSP-openjdk\external\jetbrains\jdk\hotspot\src\share\vm\classfile\systemDicOÔkxØ#@
Event: 9.923 Thread 0x0000000019dfa800 Exception <a 'java/lang/ClassNotFoundException': com/android/build/gradle/internal/tasks/DeviceProviderInstrumentTestTask_DecoratedCustomizer> (0x00000000e68db130) thrown at [C:\src\android\AOSP-openjdk\external\jetbrains\jdk\hotspot\src\share\vm\classfileP;¢|$@
Event: 10.030 Thread 0x0000000019dfa800 Exception <a 'java/lang/ClassNotFoundException': org/gradle/platform/base/BinaryContainer_ImplBeanInfo> (0x00000000e6e9e1e8) thrown at [C:\src\android\AOSP-openjdk\external\jetbrains\jdk\hotspot\src\share\vm\classfile\systemDictionary.cpp, line 210]
Event: 10.036 Thread 0x0000000019dfa800 Exception <a 'java/lang/ClassNotFoundException': org/gradle/model/internal/core/NodeBackedModelMapBeanInfo> (0x00000000e6eb0120) thrown at [C:\src\android\AOSP-openjdk\external\jetbrains\jdk\hotspot\src\share\vm\classfile\systemDictionary.cpp, line 210]
Event: 10.036 Thread 0x0000000019dfa800 Exception <a 'java/lang/ClassNotFoundException': org/gradle/model/internal/core/ModelMapGroovyViewBeanInfo> (0x00000000e6ec2058) thrown at [C:\src\android\AOSP-openjdk\external\jetbrains\jdk\hotspot\src\share\vm\classfile\systemDictionary.cpp, line 210]

Events (10 events):
Event: 10.036 loading class org/gradle/model/internal/core/NodeBackedModelMapBeanInfo done
Event: 10.036 loading class org/gradle/model/internal/core/ModelMapGroovyViewBeanInfo
Event: 10.036 loading class org/gradle/model/internal/core/ModelMapGroovyViewBeanInfo done
Event: 10.036 loading class org/gradle/model/internal/core/ModelMapGroovyViewBeanInfo
Event: 10.036 loading class org/gradle/model/internal/core/ModelMapGroovyViewBeanInfo done
Event: 10.036 Thread 0x0000000019dfa800 DEOPT PACKING pc=0x0000000003d306ce sp=0x000000001c7c9740
Event: 10.036 Thread 0x0000000019dfa800 DEOPT UNPACKING pc=0x0000000002b475bf sp=0x000000001c7c9450 mode 0
Event: 10.036 loading class org/gradle/model/internal/core/ModelMapGroovyViewBeanInfo
Event: 10.036 loading class org/gradle/model/internal/core/ModelMapGroovyViewBeanInfo done
Event: 10.036 loading class org/gradle/model/internal/core/ModelMapGroovyViewCustomizer


Dynamic libraries:
0x00007ff72bfe0000 - 0x00007ff72c011000 	C:\Program Files\Android\Android Studio\jre\bin\java.exe
0x00007ff832820000 - 0x00007ff832a01000 	C:\WINDOWS\SYSTEM32\ntdll.dll
0x00007ff830170000 - 0x00007ff830222000 	C:\WINDOWS\System32\KERNEL32.DLL
0x00007ff82f4b0000 - 0x00007ff82f723000 	C:\WINDOWS\System32\KERNELBASE.dll
0x00007ff832730000 - 0x00007ff8327d1000 	C:\WINDOWS\System32\ADVAPI32.dll
0x00007ff830500000 - 0x00007ff83059e000 	C:\WINDOWS\System32\msvcrt.dll
0x00007ff82ffe0000 - 0x00007ff83003b000 	C:\WINDOWS\System32\sechost.dll
0x00007ff8307b0000 - 0x00007ff8308d4000 	C:\WINDOWS\System32\RPCRT4.dll
0x00007ff830620000 - 0x00007ff8307b0000 	C:\WINDOWS\System32\USER32.dll
0x00007ff82f730000 - 0x00007ff82f750000 	C:\WINDOWS\System32\win32u.dll
0x00007ff8308e0000 - 0x00007ff830908000 	C:\WINDOWS\System32\GDI32.dll
0x00007ff82fb10000 - 0x00007ff82fca2000 	C:\WINDOWS\System32\gdi32full.dll
0x00007ff82ec50000 - 0x00007ff82ecef000 	C:\WINDOWS\System32\msvcp_win.dll
0x00007ff82f940000 - 0x00007ff82fa3a000 	C:\WINDOWS\System32\ucrtbase.dll
0x00007ff8219b0000 - 0x00007ff821c19000 	C:\WINDOWS\WinSxS\amd64_microsoft.windows.common-controls_6595b64144ccf1df_6.0.17134.137_none_fb44974530639b67\COMCTL32.dll
0x00007ff82fcb0000 - 0x00007ff82ffd3000 	C:\WINDOWS\System32\combase.dll
0x00007ff82fa90000 - 0x00007ff82fb0a000 	C:\WINDOWS\System32\bcryptPrimitives.dll
0x00007ff830fe0000 - 0x00007ff83100d000 	C:\WINDOWS\System32\IMM32.DLL
0x0000000059cc0000 - 0x0000000059d92000 	C:\Program Files\Android\Android Studio\jre\jre\bin\msvcr100.dll
0x0000000059da0000 - 0x000000005a5dc000 	C:\Program Files\Android\Android Studio\jre\jre\bin\server\jvm.dll
0x00007ff8327e0000 - 0x00007ff8327e8000 	C:\WINDOWS\System32\PSAPI.DLL
0x00007ff81dbe0000 - 0x00007ff81dbe9000 	C:\WINDOWS\SYSTEM32\WSOCK32.dll
0x00007ff828040000 - 0x00007ff82804a000 	C:\WINDOWS\SYSTEM32\VERSION.dll
0x00007ff82ca50000 - 0x00007ff82ca73000 	C:\WINDOWS\SYSTEM32\WINMM.dll
0x00007ff8310e0000 - 0x00007ff83114c000 	C:\WINDOWS\System32\WS2_32.dll
0x00007ff82c900000 - 0x00007ff82c92a000 	C:\WINDOWS\SYSTEM32\WINMMBASE.dll
0x00007ff82fa40000 - 0x00007ff82fa89000 	C:\WINDOWS\System32\cfgmgr32.dll
0x00007ff8294b0000 - 0x00007ff8294bf000 	C:\Program Files\Android\Android Studio\jre\jre\bin\verify.dll
0x00007ff826c50000 - 0x00007ff826c79000 	C:\Program Files\Android\Android Studio\jre\jre\bin\java.dll
0x00007ff825140000 - 0x00007ff825156000 	C:\Program Files\Android\Android Studio\jre\jre\bin\zip.dll
0x00007ff8312f0000 - 0x00007ff832730000 	C:\WINDOWS\System32\SHELL32.dll
0x00007ff830040000 - 0x00007ff8300e9000 	C:\WINDOWS\System32\shcore.dll
0x00007ff82ecf0000 - 0x00007ff82f3fd000 	C:\WINDOWS\System32\windows.storage.dll
0x00007ff830910000 - 0x00007ff830961000 	C:\WINDOWS\System32\shlwapi.dll
0x00007ff82eb40000 - 0x00007ff82eb51000 	C:\WINDOWS\System32\kernel.appcore.dll
0x00007ff82eb60000 - 0x00007ff82eb7f000 	C:\WINDOWS\System32\profapi.dll
0x00007ff82eb80000 - 0x00007ff82ebcc000 	C:\WINDOWS\System32\powrprof.dll
0x00007ff82eb30000 - 0x00007ff82eb3a000 	C:\WINDOWS\System32\FLTLIB.DLL
0x00007ff820ac0000 - 0x00007ff820ada000 	C:\Program Files\Android\Android Studio\jre\jre\bin\net.dll
0x00007ff82e3b0000 - 0x00007ff82e416000 	C:\WINDOWS\system32\mswsock.dll
0x00007ff820aa0000 - 0x00007ff820ab1000 	C:\Program Files\Android\Android Studio\jre\jre\bin\nio.dll
0x00007ff80efb0000 - 0x00007ff80efce000 	C:\Users\DELL\.gradle\native\23\windows-amd64\native-platform.dll
0x00007ff82e560000 - 0x00007ff82e577000 	C:\WINDOWS\SYSTEM32\CRYPTSP.dll
0x00007ff82df90000 - 0x00007ff82dfc3000 	C:\WINDOWS\system32\rsaenh.dll
0x00007ff82e690000 - 0x00007ff82e6b5000 	C:\WINDOWS\SYSTEM32\bcrypt.dll
0x00007ff82ea30000 - 0x00007ff82ea58000 	C:\WINDOWS\SYSTEM32\USERENV.dll
0x00007ff82e580000 - 0x00007ff82e58b000 	C:\WINDOWS\SYSTEM32\CRYPTBASE.dll
0x00007ff82e130000 - 0x00007ff82e168000 	C:\WINDOWS\SYSTEM32\IPHLPAPI.DLL
0x00007ff830150000 - 0x00007ff830158000 	C:\WINDOWS\System32\NSI.dll
0x00007ff828550000 - 0x00007ff828566000 	C:\WINDOWS\SYSTEM32\dhcpcsvc6.DLL
0x00007ff828310000 - 0x00007ff82832a000 	C:\WINDOWS\SYSTEM32\dhcpcsvc.DLL
0x00007ff821520000 - 0x00007ff82152d000 	C:\Program Files\Android\Android Studio\jre\jre\bin\management.dll

VM Arguments:
jvm_args: -Xmx1536m -Dfile.encoding=GBK -Duser.country=CN -Duser.language=zh -Duser.variant 
java_command: org.gradle.launcher.daemon.bootstrap.GradleDaemon 3.3
java_class_path (initial): C:\Users\DELL\.gradle\wrapper\dists\gradle-3.3-all\55gk2rcmfc6p2dg9u9ohc3hw9\gradle-3.3\lib\gradle-launcher-3.3.jar
Launcher Type: SUN_STANDARD

Environment Variables:
JAVA_HOME=C:\Program Files\Java\jdk1.8.0_144
JRE_HOME=C:\Program Files\Java\jre1.8.0_144
PATH=E:\anaconda;E:\anaconda\Library\mingw-w64\bin;E:\anaconda\Library\usr\bin;E:\anaconda\Library\bin;E:\anaconda\Scripts;C:\ProgramData\Oracle\Java\javapath;C:\Program Files (x86)\Intel\iCLS Client\;C:\Program Files\Intel\iCLS Client\;C:\Windows\system32;C:\Windows;C:\Windows\System32\Wbem;C:\Windows\System32\WindowsPowerShell\v1.0\;C:\Program Files (x86)\Intel\Intel(R) Management Engine Components\DAL;C:\Program Files\Intel\Intel(R) Management Engine Components\DAL;C:\Program Files (x86)\Intel\Intel(R) Management Engine Components\IPT;C:\Program Files\Intel\Intel(R) Management Engine Components\IPT;C:\Program Files (x86)\NVIDIA Corporation\PhysX\Common;C:\Program Files (x86)\GtkSharp\2.12\bin;C:\Program Files\Microsoft SQL Server\130\Tools\Binn\;C:\Program Files\dotnet\;C:\Program Files\Git\cmd;C:\WINDOWS\system32;C:\WINDOWS;C:\WINDOWS\System32\Wbem;C:\WINDOWS\System32\WindowsPowerShell\v1.0\;C:\Program Files (x86)\MySQL\MySQL Server 5.0\bin;C:\Program Files\nodejs\;%JAVA_HOME%;%JRE_HOME%;;C:\WINDOWS\System32\OpenSSH\;C:\Program Files\Intel\WiFi\bin\;C:\Program Files\Common Files\Intel\WirelessCommon\;C:\Users\DELL\AppData\Local\Programs\Python\Python36-32\Scripts\;C:\Users\DELL\AppData\Local\Programs\Python\Python36-32\;C:\Users\DELL\AppData\Local\Microsoft\WindowsApps;C:\Program Files\Java\jdk1.8.0_144\bin;C:\Users\DELL\AppData\Roaming\npm;
USERNAME=DELL
OS=Windows_NT
PROCESSOR_IDENTIFIER=Intel64 Family 6 Model 158 Stepping 9, GenuineIntel



---------------  S Y S T E M  ---------------

OS: Windows 10.0 , 64 bit Build 17134 (10.0.17134.1)

CPU:total 8 (4 cores per cpu, 2 threads per core) family 6 model 158 stepping 9, cmov, cx8, fxsr, mmx, sse, sse2, sse3, ssse3, sse4.1, sse4.2, popcnt, avx, avx2, aes, clmul, erms, 3dnowpref, lzcnt, ht, tsc, tscinvbit, bmi1, bmi2, adx

Memory: 4k page, physical 8251664k(850996k free), swap 15520304k(6012k free)

vm_info: OpenJDK 64-Bit Server VM (25.112-b06) for windows-amd64 JRE (1.8.0_112-release-b06), built on Dec  8 2016 00:54:26 by "builder" with MS VC++ 10.0 (VS2010)

time: Tue Jul 17 10:18:52 2018
elapsed time: 10 seconds (0d 0h 0m 10s)

